2025-03-25T20:14:26.608Z [error]: TypeError: Cannot read properties of undefined (reading 'error')
    at C:\Users\Mendrika Razafindrat\Desktop\backend\config\database.js:39:16
    at process.processTicksAndRejections (node:internal/process/task_queues:95:5)
2025-03-25T20:17:40.313Z [info]: Nouvelle connexion DB établie
2025-03-25T20:17:40.332Z [info]: ✅ Connecté à PostgreSQL:
2025-03-25T20:23:12.518Z [info]: Nouvelle connexion DB établie
2025-03-25T20:23:12.548Z [info]: ✅ Connecté à PostgreSQL:
2025-03-25T20:24:21.797Z [info]: Nouvelle connexion DB établie
2025-03-25T20:24:21.802Z [info]: ✅ Connecté à PostgreSQL:
2025-03-26T08:25:47.643Z [info]: Nouvelle connexion DB établie
2025-03-26T08:25:47.676Z [info]: ✅ Connecté à PostgreSQL:
2025-03-27T08:02:31.652Z [info]: Nouvelle connexion DB établie
2025-03-27T08:02:31.698Z [info]: ✅ Connecté à PostgreSQL:
2025-03-27T08:17:35.817Z [info]: Nouvelle connexion DB établie
2025-03-27T08:17:35.849Z [info]: ✅ Connecté à PostgreSQL:
2025-03-27T08:54:46.069Z [info]: Nouvelle connexion DB établie
2025-03-27T08:54:46.103Z [info]: ✅ Connecté à PostgreSQL:
2025-03-27T08:57:16.187Z [info]: Nouvelle connexion DB établie
2025-03-27T08:57:16.198Z [info]: ✅ Connecté à PostgreSQL:
2025-03-27T09:10:47.429Z [info]: Nouvelle connexion DB établie
2025-03-27T09:10:47.466Z [info]: ✅ Connecté à PostgreSQL:
2025-03-27T09:13:10.416Z [info]: Nouvelle connexion DB établie
2025-03-27T09:13:10.453Z [info]: ✅ Connecté à PostgreSQL:
2025-03-27T09:32:27.889Z [info]: Nouvelle connexion DB établie
2025-03-27T09:32:27.915Z [info]: ✅ Connecté à PostgreSQL:
2025-03-27T09:38:32.492Z [info]: Nouvelle connexion DB établie
2025-03-27T09:38:32.514Z [info]: ✅ Connecté à PostgreSQL:
2025-03-27T10:10:06.026Z [info]: Nouvelle connexion DB établie
2025-03-27T10:10:06.063Z [info]: ✅ Connecté à PostgreSQL:
2025-03-27T10:21:40.369Z [info]: Nouvelle connexion DB établie
2025-03-27T10:21:40.610Z [info]: ✅ Connecté à PostgreSQL:
2025-03-27T10:24:58.871Z [info]: Nouvelle connexion DB établie
2025-03-27T10:24:58.897Z [info]: ✅ Connecté à PostgreSQL:
2025-03-27T10:27:06.792Z [info]: Nouvelle connexion DB établie
2025-03-27T10:27:06.864Z [info]: ✅ Connecté à PostgreSQL:
2025-03-27T10:27:43.866Z [info]: Nouvelle connexion DB établie
2025-03-27T10:27:43.902Z [info]: ✅ Connecté à PostgreSQL:
2025-03-27T10:37:38.573Z [info]: Nouvelle connexion DB établie
2025-03-27T10:37:38.604Z [info]: ✅ Connecté à PostgreSQL:
2025-03-27T10:39:11.193Z [info]: Nouvelle connexion DB établie
2025-03-27T10:39:11.412Z [info]: ✅ Connecté à PostgreSQL:
2025-03-27T10:48:05.332Z [info]: Nouvelle connexion DB établie
2025-03-27T10:48:05.366Z [info]: ✅ Connecté à PostgreSQL:
2025-03-27T10:50:47.390Z [info]: Nouvelle connexion DB établie
2025-03-27T10:50:47.419Z [info]: ✅ Connecté à PostgreSQL:
2025-03-27T10:50:59.259Z [info]: Nouvelle connexion DB établie
2025-03-27T10:50:59.263Z [info]: ✅ Connecté à PostgreSQL:
2025-03-27T10:52:24.838Z [info]: Nouvelle connexion DB établie
2025-03-27T10:52:24.873Z [info]: ✅ Connecté à PostgreSQL:
2025-03-27T10:54:41.357Z [info]: Nouvelle connexion DB établie
2025-03-27T10:54:41.383Z [info]: ✅ Connecté à PostgreSQL:
2025-03-28T05:28:29.118Z [info]: Nouvelle connexion DB établie
2025-03-28T05:28:29.153Z [info]: ✅ Connecté à PostgreSQL:
2025-03-28T05:47:41.445Z [info]: Nouvelle connexion DB établie
2025-03-28T05:47:41.482Z [info]: ✅ Connecté à PostgreSQL:
2025-03-29T06:25:24.554Z [info]: Nouvelle connexion DB établie
2025-03-29T06:25:24.618Z [info]: ✅ Connecté à PostgreSQL:
2025-03-30T13:16:43.346Z [info]: Nouvelle connexion DB établie
2025-03-30T13:16:43.417Z [info]: ✅ Connecté à PostgreSQL:
2025-03-30T16:28:20.002Z [info]: Nouvelle connexion DB établie
2025-03-30T16:28:20.020Z [info]: ✅ Connecté à PostgreSQL:
2025-03-30T16:57:17.372Z [info]: Nouvelle connexion DB établie
2025-03-30T16:57:17.395Z [info]: ✅ Connecté à PostgreSQL:
2025-03-30T17:35:47.388Z [info]: Nouvelle connexion DB établie
2025-03-30T17:35:47.442Z [info]: ✅ Connecté à PostgreSQL:
2025-03-30T17:41:07.867Z [info]: Nouvelle connexion DB établie
2025-03-30T17:41:07.891Z [info]: ✅ Connecté à PostgreSQL:
2025-03-30T17:48:39.884Z [info]: Nouvelle connexion DB établie
2025-03-30T17:48:39.907Z [info]: ✅ Connecté à PostgreSQL:
2025-03-30T17:51:18.315Z [info]: Nouvelle connexion DB établie
2025-03-30T17:51:18.338Z [info]: ✅ Connecté à PostgreSQL:
2025-03-30T18:24:37.304Z [info]: Nouvelle connexion DB établie
2025-03-30T18:24:37.328Z [info]: ✅ Connecté à PostgreSQL:
2025-03-30T18:26:21.675Z [info]: Nouvelle connexion DB établie
2025-03-30T18:26:21.690Z [info]: ✅ Connecté à PostgreSQL:
2025-03-30T18:30:07.787Z [info]: Nouvelle connexion DB établie
2025-03-30T18:30:07.805Z [info]: ✅ Connecté à PostgreSQL:
2025-03-31T04:27:29.420Z [info]: Nouvelle connexion DB établie
2025-03-31T04:27:29.491Z [info]: ✅ Connecté à PostgreSQL:
2025-03-31T07:53:22.325Z [info]: Nouvelle connexion DB établie
2025-03-31T07:53:22.364Z [info]: ✅ Connecté à PostgreSQL:
2025-03-31T07:54:06.262Z [info]: Nouvelle connexion DB établie
2025-03-31T07:54:06.345Z [info]: ✅ Connecté à PostgreSQL:
2025-03-31T09:37:58.821Z [info]: Nouvelle connexion DB établie
2025-03-31T09:37:58.872Z [info]: ✅ Connecté à PostgreSQL:
2025-03-31T10:20:49.026Z [info]: Nouvelle connexion DB établie
2025-03-31T10:20:49.065Z [info]: ✅ Connecté à PostgreSQL:
2025-03-31T10:24:40.982Z [info]: Nouvelle connexion DB établie
2025-03-31T10:24:41.016Z [info]: ✅ Connecté à PostgreSQL:
2025-04-04T11:00:20.857Z [info]: Nouvelle connexion DB établie
2025-04-04T11:00:20.869Z [info]: ✅ Connecté à PostgreSQL:
2025-04-04T11:01:12.582Z [info]: Nouvelle connexion DB établie
2025-04-04T11:01:12.593Z [error]: Erreur de requête:
2025-04-04T11:03:34.358Z [info]: Nouvelle connexion DB établie
2025-04-04T11:03:34.367Z [error]: Erreur de requête:
2025-04-04T11:04:07.097Z [info]: Nouvelle connexion DB établie
2025-04-04T11:04:07.117Z [info]: ✅ Connecté à PostgreSQL:
2025-04-04T11:05:22.246Z [info]: Nouvelle connexion DB établie
2025-04-04T11:05:22.257Z [error]: Erreur de requête:
2025-04-04T11:08:24.105Z [info]: Nouvelle connexion DB établie
2025-04-04T11:08:24.119Z [info]: ✅ Connecté à PostgreSQL:
2025-04-04T11:08:35.125Z [error]: Erreur de requête:
2025-04-04T11:13:17.813Z [info]: Nouvelle connexion DB établie
2025-04-04T11:13:17.827Z [info]: ✅ Connecté à PostgreSQL:
2025-04-04T11:13:36.910Z [debug]: Requête exécutée (8ms): INSERT INTO receipts 
            (reservation_id,...
2025-04-04T11:13:56.593Z [debug]: Requête exécutée (4ms): INSERT INTO receipts 
            (reservation_id,...
2025-04-04T11:21:19.004Z [info]: Nouvelle connexion DB établie
2025-04-04T11:21:19.012Z [debug]: Requête exécutée (20ms): INSERT INTO receipts 
            (reservation_id,...
2025-04-04T11:25:10.078Z [info]: Nouvelle connexion DB établie
2025-04-04T11:25:10.089Z [info]: ✅ Connecté à PostgreSQL:
2025-04-04T11:29:25.315Z [info]: Nouvelle connexion DB établie
2025-04-04T11:29:25.331Z [info]: ✅ Connecté à PostgreSQL:
2025-04-04T11:33:29.253Z [info]: Nouvelle connexion DB établie
2025-04-04T11:33:29.268Z [info]: ✅ Connecté à PostgreSQL:
2025-04-04T11:45:21.835Z [info]: Nouvelle connexion DB établie
2025-04-04T11:45:21.850Z [info]: ✅ Connecté à PostgreSQL:
2025-04-04T11:51:22.707Z [info]: Nouvelle connexion DB établie
2025-04-04T11:51:22.720Z [info]: ✅ Connecté à PostgreSQL:
2025-04-04T11:54:42.908Z [info]: Nouvelle connexion DB établie
2025-04-04T11:54:42.920Z [debug]: Requête exécutée (50ms): INSERT INTO receipts 
            (reservation_id,...
2025-04-04T11:55:49.435Z [info]: Nouvelle connexion DB établie
2025-04-04T11:55:49.446Z [debug]: Requête exécutée (21ms): INSERT INTO receipts 
            (reservation_id,...
